Notifications fetch error: {
  code: 'PGRST205',
  details: null,
  hint: "Perhaps you meant the table 'public.job_applications'",
  message: "Could not find the table 'public.notifications' in the schema cache"
}
Notifications fetch error: {
  code: 'PGRST205',
  details: null,
  hint: "Perhaps you meant the table 'public.job_applications'",
  message: "Could not find the table 'public.notifications' in the schema cache"
}
Notifications fetch error: {
  code: 'PGRST205',
  details: null,
  hint: "Perhaps you meant the table 'public.job_applications'",
  message: "Could not find the table 'public.notifications' in the schema cache"
}
Notifications fetch error: {
  code: 'PGRST205',
  details: null,
  hint: "Perhaps you meant the table 'public.job_applications'",
  message: "Could not find the table 'public.notifications' in the schema cache"
}
Notifications fetch error: {
  code: 'PGRST205',
  details: null,
  hint: "Perhaps you meant the table 'public.job_applications'",
  message: "Could not find the table 'public.notifications' in the schema cache"
}
Notifications fetch error: {
  code: 'PGRST205',
  details: null,
  hint: "Perhaps you meant the table 'public.job_applications'",
  message: "Could not find the table 'public.notifications' in the schema cache"
}
Notifications fetch error: {
  code: 'PGRST205',
  details: null,
  hint: "Perhaps you meant the table 'public.job_applications'",
  message: "Could not find the table 'public.notifications' in the schema cache"
}
