
> moolabase@0.1.0 dev
> next dev

▲ Next.js 16.1.2 (Turbopack)
- Local:         http://localhost:3000
- Network:       http://192.168.1.8:3000
- Environments: .env.local

✓ Starting...
○ Compiling proxy ...
✓ Ready in 44.7s
○ Compiling /api/listings ...
○ Compiling /_not-found/page ...
 GET /api/listings 404 in 19.6s
 GET /api/notifications?summary=1 404 in 44s (compile: 33.5s, proxy.ts: 5.3s, render: 5.0s)
 GET /api/listings 404 in 44s (compile: 39.5s, render: 4.3s)
 GET /api/notifications?summary=1 404 in 44s (compile: 35.5s, proxy.ts: 5.1s, render: 3.5s)
 GET /api/notifications?summary=1 404 in 44s (compile: 34.7s, proxy.ts: 5.4s, render: 4.2s)
 GET /api/notifications?summary=1 404 in 37.8s (compile: 33.6s, proxy.ts: 352ms, render: 3.9s)
 GET / 200 in 45s (compile: 28.2s, proxy.ts: 4.9s, render: 12.3s)
 GET /api/listings 404 in 2.7s (compile: 968ms, render: 1762ms)
 GET /api/notifications?summary=1 404 in 1869ms (compile: 74ms, proxy.ts: 697ms, render: 1099ms)
 GET /api/listings 404 in 743ms (compile: 92ms, render: 652ms)
 GET /api/notifications?summary=1 404 in 2.1s (compile: 261ms, proxy.ts: 888ms, render: 938ms)
 GET /api/notifications?summary=1 404 in 871ms (compile: 91ms, proxy.ts: 425ms, render: 355ms)
 GET /api/listings 404 in 495ms (compile: 45ms, render: 450ms)
 GET /api/notifications?summary=1 404 in 2.1s (compile: 689ms, proxy.ts: 633ms, render: 823ms)
 GET /api/listings 404 in 950ms (compile: 53ms, render: 896ms)
 GET /api/notifications?summary=1 404 in 878ms (compile: 69ms, proxy.ts: 420ms, render: 389ms)
 GET /api/listings 404 in 1112ms (compile: 51ms, render: 1061ms)
 GET /api/notifications?summary=1 404 in 1660ms (compile: 170ms, proxy.ts: 749ms, render: 741ms)
 GET /api/notifications?summary=1 404 in 1217ms (compile: 52ms, proxy.ts: 405ms, render: 760ms)
 GET /api/listings 404 in 420ms (compile: 43ms, render: 377ms)
 GET /api/notifications?summary=1 404 in 795ms (compile: 54ms, proxy.ts: 366ms, render: 375ms)
 GET /api/listings 404 in 408ms (compile: 48ms, render: 360ms)
 GET /api/notifications?summary=1 404 in 685ms (compile: 60ms, proxy.ts: 342ms, render: 284ms)
 GET /api/listings 404 in 1078ms (compile: 68ms, render: 1009ms)
 GET /api/notifications?summary=1 404 in 1480ms (compile: 708ms, proxy.ts: 345ms, render: 427ms)
 GET /api/notifications?summary=1 404 in 797ms (compile: 48ms, proxy.ts: 380ms, render: 369ms)
 GET /api/listings 404 in 406ms (compile: 55ms, render: 351ms)
 GET /api/notifications?summary=1 404 in 805ms (compile: 73ms, proxy.ts: 422ms, render: 310ms)
 GET /api/listings 404 in 853ms (compile: 47ms, render: 805ms)
 GET /api/notifications?summary=1 404 in 789ms (compile: 47ms, proxy.ts: 377ms, render: 365ms)
 GET /api/listings 404 in 746ms (compile: 55ms, render: 690ms)
 GET /api/notifications?summary=1 404 in 2.4s (compile: 77ms, proxy.ts: 624ms, render: 1746ms)
 GET /api/notifications?summary=1 404 in 815ms (compile: 50ms, proxy.ts: 431ms, render: 334ms)
 GET /api/listings 404 in 365ms (compile: 41ms, render: 325ms)
 GET /api/notifications?summary=1 404 in 808ms (compile: 93ms, proxy.ts: 372ms, render: 343ms)
 GET /api/listings 404 in 459ms (compile: 44ms, render: 415ms)
 GET /api/notifications?summary=1 404 in 1111ms (compile: 60ms, proxy.ts: 361ms, render: 690ms)
 GET /api/listings 404 in 815ms (compile: 63ms, render: 752ms)
 GET /api/notifications?summary=1 404 in 1196ms (compile: 87ms, proxy.ts: 546ms, render: 562ms)
 GET /api/notifications?summary=1 404 in 794ms (compile: 53ms, proxy.ts: 356ms, render: 384ms)
 GET /api/listings 404 in 692ms (compile: 43ms, render: 650ms)
 GET /api/notifications?summary=1 404 in 910ms (compile: 52ms, proxy.ts: 355ms, render: 503ms)
 GET /api/listings 404 in 450ms (compile: 48ms, render: 401ms)
 GET /api/notifications?summary=1 404 in 700ms (compile: 49ms, proxy.ts: 338ms, render: 313ms)
 GET /api/listings 404 in 1058ms (compile: 51ms, render: 1007ms)
 GET /api/notifications?summary=1 404 in 1517ms (compile: 100ms, proxy.ts: 583ms, render: 834ms)
 GET /api/notifications?summary=1 404 in 1037ms (compile: 100ms, proxy.ts: 370ms, render: 568ms)
 GET /api/listings 404 in 331ms (compile: 43ms, render: 289ms)
 GET /api/notifications?summary=1 404 in 694ms (compile: 42ms, proxy.ts: 364ms, render: 288ms)
 GET /api/listings 404 in 318ms (compile: 44ms, render: 274ms)
 GET /api/notifications?summary=1 404 in 897ms (compile: 49ms, proxy.ts: 371ms, render: 477ms)
 GET /api/notifications?summary=1 404 in 1226ms (compile: 74ms, proxy.ts: 339ms, render: 813ms)
 GET /api/listings 404 in 919ms (compile: 229ms, render: 689ms)
 GET /api/notifications?summary=1 404 in 692ms (compile: 55ms, proxy.ts: 349ms, render: 288ms)
 GET /api/listings 404 in 353ms (compile: 44ms, render: 309ms)
 GET /api/notifications?summary=1 404 in 650ms (compile: 46ms, proxy.ts: 333ms, render: 271ms)
 GET /api/listings 404 in 335ms (compile: 55ms, render: 280ms)
 GET /api/notifications?summary=1 404 in 660ms (compile: 45ms, proxy.ts: 334ms, render: 281ms)
 GET /api/listings 404 in 960ms (compile: 67ms, render: 893ms)
 GET /api/notifications?summary=1 404 in 1465ms (compile: 139ms, proxy.ts: 795ms, render: 531ms)
 GET /api/notifications?summary=1 404 in 670ms (compile: 34ms, proxy.ts: 353ms, render: 283ms)
 GET /api/listings 404 in 325ms (compile: 48ms, render: 278ms)
 GET /api/notifications?summary=1 404 in 866ms (compile: 44ms, proxy.ts: 362ms, render: 459ms)
 GET /api/listings 404 in 340ms (compile: 40ms, render: 300ms)
 GET /api/notifications?summary=1 404 in 677ms (compile: 42ms, proxy.ts: 365ms, render: 270ms)
 GET /api/listings 404 in 862ms (compile: 86ms, render: 776ms)
 GET /api/notifications?summary=1 404 in 1206ms (compile: 481ms, proxy.ts: 331ms, render: 393ms)
 GET /api/notifications?summary=1 404 in 777ms (compile: 42ms, proxy.ts: 452ms, render: 284ms)
 GET /api/listings 404 in 486ms (compile: 52ms, render: 434ms)
 GET /api/notifications?summary=1 404 in 693ms (compile: 48ms, proxy.ts: 337ms, render: 308ms)
 GET /api/listings 404 in 784ms (compile: 37ms, render: 746ms)
 GET /api/notifications?summary=1 404 in 814ms (compile: 47ms, proxy.ts: 348ms, render: 419ms)
 GET /api/listings 404 in 1365ms (compile: 141ms, render: 1224ms)
 GET /api/notifications?summary=1 404 in 1828ms (compile: 868ms, proxy.ts: 412ms, render: 548ms)
 GET /api/notifications?summary=1 404 in 745ms (compile: 58ms, proxy.ts: 346ms, render: 341ms)
 GET /api/listings 404 in 573ms (compile: 54ms, render: 519ms)
 GET /api/notifications?summary=1 404 in 722ms (compile: 47ms, proxy.ts: 381ms, render: 294ms)
 GET /api/listings 404 in 622ms (compile: 102ms, render: 520ms)
